<?xml version="1.0" encoding="UTF-8"?>
<coverage generated="1479211644">
  <project timestamp="1479211644">
    <package name="Odango\Hebo\Nyaa\Crawler">
      <file name="/home/eater/projects/Hebi/src/Nyaa/Crawler.php">
        <class name="Crawler" namespace="Odango\Hebo\Nyaa\Crawler">
          <metrics complexity="0" methods="0" coveredmethods="0" conditionals="0" coveredconditionals="0" statements="0" coveredstatements="0" elements="0" coveredelements="0"/>
        </class>
        <metrics loc="9" ncloc="9" classes="1" methods="0" coveredmethods="0" conditionals="0" coveredconditionals="0" statements="0" coveredstatements="0" elements="0" coveredelements="0"/>
      </file>
      <file name="/home/eater/projects/Hebi/src/Nyaa/PageInfo.php">
        <class name="PageInfo" namespace="Odango\Hebo\Nyaa\Crawler">
          <metrics complexity="0" methods="0" coveredmethods="0" conditionals="0" coveredconditionals="0" statements="0" coveredstatements="0" elements="0" coveredelements="0"/>
        </class>
        <metrics loc="9" ncloc="9" classes="1" methods="0" coveredmethods="0" conditionals="0" coveredconditionals="0" statements="0" coveredstatements="0" elements="0" coveredelements="0"/>
      </file>
      <file name="/home/eater/projects/Hebi/src/Nyaa/PageReader.php">
        <class name="PageReader" namespace="Odango\Hebo\Nyaa\Crawler">
          <metrics complexity="4" methods="4" coveredmethods="4" conditionals="0" coveredconditionals="0" statements="8" coveredstatements="8" elements="12" coveredelements="12"/>
        </class>
        <line num="14" type="method" name="getSource" visibility="public" complexity="1" crap="1" count="1"/>
        <line num="16" type="stmt" count="1"/>
        <line num="22" type="method" name="setSource" visibility="public" complexity="1" crap="1" count="1"/>
        <line num="24" type="stmt" count="1"/>
        <line num="25" type="stmt" count="1"/>
        <line num="27" type="method" name="createFromSource" visibility="public" complexity="1" crap="1" count="1"/>
        <line num="28" type="stmt" count="1"/>
        <line num="29" type="stmt" count="1"/>
        <line num="30" type="stmt" count="1"/>
        <line num="33" type="method" name="extractInfo" visibility="public" complexity="1" crap="1" count="1"/>
        <line num="34" type="stmt" count="1"/>
        <line num="36" type="stmt" count="1"/>
        <metrics loc="37" ncloc="31" classes="1" methods="4" coveredmethods="4" conditionals="0" coveredconditionals="0" statements="8" coveredstatements="8" elements="12" coveredelements="12"/>
      </file>
    </package>
    <metrics files="3" loc="55" ncloc="49" classes="3" methods="4" coveredmethods="4" conditionals="0" coveredconditionals="0" statements="8" coveredstatements="8" elements="12" coveredelements="12"/>
  </project>
</coverage>
